<?xml version="1.0" encoding="UTF-8"?>
<!-- Generated by org.testng.reporters.JUnitReportReporter -->
<testsuite hostname="Selva" failures="0" tests="5" name="starthealthScenario2.TestStarthealthPage" time="11.612" errors="0" timestamp="2024-02-02T15:20:55 IST" skipped="0">
  <testcase classname="starthealthScenario2.TestStarthealthPage" name="click_onPlans" time="1.689"/>
  <system-out/>
  <testcase classname="starthealthScenario2.TestStarthealthPage" name="click_on_option" time="4.180"/>
  <system-out/>
  <testcase classname="starthealthScenario2.TestStarthealthPage" name="enter_user_details" time="0.496"/>
  <system-out/>
  <testcase classname="starthealthScenario2.TestStarthealthPage" name="clickTwitterLogo" time="5.205"/>
  <system-out/>
  <testcase classname="starthealthScenario2.TestStarthealthPage" name="validateTwitterPage" time="0.042"/>
  <system-out/>
</testsuite> <!-- starthealthScenario2.TestStarthealthPage -->
