<?xml version="1.0" encoding="UTF-8"?>
<!-- Generated by org.testng.reporters.JUnitReportReporter -->
<testsuite hostname="Selva" failures="0" tests="2" name="starthealthScenario2.TestStarthealthLink" time="1.828" errors="0" timestamp="2024-02-02T15:20:55 IST" skipped="0">
  <testcase classname="starthealthScenario2.TestStarthealthLink" name="click_onPlans" time="1.676"/>
  <system-out/>
  <testcase classname="starthealthScenario2.TestStarthealthLink" name="click_on_option" time="0.152"/>
  <system-out/>
</testsuite> <!-- starthealthScenario2.TestStarthealthLink -->
